{
  "RSpec": {
    "coverage": {
      "/home/functional-terminal-6191/tic-tac-toe-rb-online-web-sp-000/lib/tic_tac_toe.rb": [
        null,
        null,
        1,
        null,
        null,
        null,
        null,
        null,
        null,
        null,
        null,
        null,
        1,
        null,
        44,
        null,
        44,
        44,
        44,
        44,
        44,
        null,
        null,
        null,
        1,
        23,
        23,
        null,
        null,
        null,
        1,
        22,
        null,
        null,
        null,
        1,
        25,
        3,
        null,
        22,
        null,
        null,
        null,
        null,
        1,
        null,
        23,
        20,
        20,
        null,
        3,
        null,
        null,
        null,
        1,
        20,
        null,
        20,
        null,
        20,
        20,
        null,
        null,
        20,
        19,
        19,
        19,
        null,
        1,
        1,
        null,
        20,
        null,
        null,
        1,
        21,
        15,
        null,
        6,
        null,
        null,
        null,
        null,
        null,
        1,
        22,
        22,
        198,
        31,
        null,
        null,
        22,
        null,
        null,
        1,
        67,
        425,
        425,
        425,
        null,
        425,
        425,
        425,
        null,
        425,
        28,
        null,
        null,
        39,
        null,
        null,
        1,
        24,
        126,
        null,
        null,
        null,
        null,
        1,
        23,
        5,
        null,
        18,
        null,
        null,
        null,
        null,
        null,
        1,
        21,
        10,
        null,
        11,
        null,
        null,
        null,
        1,
        18,
        10,
        10,
        null,
        null,
        null,
        null,
        null,
        null,
        1,
        12,
        17,
        17,
        null,
        12,
        null,
        5,
        null,
        null,
        null,
        null,
        null,
        null,
        null,
        null,
        null
      ]
    },
    "timestamp": 1603596810
  }
}
